<?xml version="1.0" encoding="UTF-8"?>
<!-- Generated by org.testng.reporters.JUnitReportReporter -->
<testsuite hostname="Porous-Monster" failures="0" tests="1" name="com.test.pom.test.logintest" time="3.285" errors="0" timestamp="2024-12-18T19:27:16 IST" skipped="0">
  <testcase classname="com.test.pom.test.logintest" name="loginwithvalidusername" time="3.285"/>
</testsuite> <!-- com.test.pom.test.logintest -->
